<?xml version="1.0" encoding="UTF-8"?>
<testng-results ignored="0" total="5" passed="4" failed="1" skipped="0">
  <reporter-output>
  </reporter-output>
  <suite started-at="2022-05-17T09:42:36 CEST" name="Command line suite" finished-at="2022-05-17T09:43:10 CEST" duration-ms="33811">
    <groups>
    </groups>
    <test started-at="2022-05-17T09:42:36 CEST" name="Command line test" finished-at="2022-05-17T09:43:10 CEST" duration-ms="33811">
      <class name="ui.CartTest">
        <test-method is-config="true" signature="setUp()[pri:0, instance:ui.CartTest@3d34d211]" started-at="2022-05-17T09:42:39 CEST" name="setUp" finished-at="2022-05-17T09:42:46 CEST" duration-ms="7249" status="PASS">
          <reporter-output>
          </reporter-output>
        </test-method> <!-- setUp -->
        <test-method is-config="true" signature="pagesSetup()[pri:0, instance:ui.CartTest@3d34d211]" started-at="2022-05-17T09:42:46 CEST" name="pagesSetup" finished-at="2022-05-17T09:42:47 CEST" duration-ms="33" status="PASS">
          <reporter-output>
          </reporter-output>
        </test-method> <!-- pagesSetup -->
        <test-method signature="shouldCheckCart()[pri:0, instance:ui.CartTest@3d34d211]" started-at="2022-05-17T09:42:47 CEST" name="shouldCheckCart" finished-at="2022-05-17T09:43:04 CEST" duration-ms="17214" status="FAIL">
          <exception class="org.openqa.selenium.TimeoutException">
            <message>
              <![CDATA[Expected condition failed: waiting for element to be clickable: Proxy element for: DefaultElementLocator 'By.xpath: /html/body/div[4]/div/table/tbody/tr[10]/td/div/div[2]/div[3]/a' (tried for 15 second(s) with 500 milliseconds interval)]]>
            </message>
            <full-stacktrace>
              <![CDATA[org.openqa.selenium.TimeoutException: Expected condition failed: waiting for element to be clickable: Proxy element for: DefaultElementLocator 'By.xpath: /html/body/div[4]/div/table/tbody/tr[10]/td/div/div[2]/div[3]/a' (tried for 15 second(s) with 500 milliseconds interval)
at org.openqa.selenium.support.ui.WebDriverWait.timeoutException(WebDriverWait.java:138)
at org.openqa.selenium.support.ui.FluentWait.until(FluentWait.java:231)
at pages.events.EventsPage.pickEventClick(EventsPage.java:51)
at ui.CartTest.shouldCheckCart(CartTest.java:18)
at java.base/jdk.internal.reflect.NativeMethodAccessorImpl.invoke0(Native Method)
at java.base/jdk.internal.reflect.NativeMethodAccessorImpl.invoke(NativeMethodAccessorImpl.java:62)
at java.base/jdk.internal.reflect.DelegatingMethodAccessorImpl.invoke(DelegatingMethodAccessorImpl.java:43)
at java.base/java.lang.reflect.Method.invoke(Method.java:566)
at org.testng.internal.invokers.MethodInvocationHelper.invokeMethod(MethodInvocationHelper.java:135)
at org.testng.internal.invokers.TestInvoker.invokeMethod(TestInvoker.java:673)
at org.testng.internal.invokers.TestInvoker.invokeTestMethod(TestInvoker.java:220)
at org.testng.internal.invokers.MethodRunner.runInSequence(MethodRunner.java:50)
at org.testng.internal.invokers.TestInvoker$MethodInvocationAgent.invoke(TestInvoker.java:945)
at org.testng.internal.invokers.TestInvoker.invokeTestMethods(TestInvoker.java:193)
at org.testng.internal.invokers.TestMethodWorker.invokeTestMethods(TestMethodWorker.java:146)
at org.testng.internal.invokers.TestMethodWorker.run(TestMethodWorker.java:128)
at java.base/java.util.ArrayList.forEach(ArrayList.java:1541)
at org.testng.TestRunner.privateRun(TestRunner.java:808)
at org.testng.TestRunner.run(TestRunner.java:603)
at org.testng.SuiteRunner.runTest(SuiteRunner.java:429)
at org.testng.SuiteRunner.runSequentially(SuiteRunner.java:423)
at org.testng.SuiteRunner.privateRun(SuiteRunner.java:383)
at org.testng.SuiteRunner.run(SuiteRunner.java:326)
at org.testng.SuiteRunnerWorker.runSuite(SuiteRunnerWorker.java:52)
at org.testng.SuiteRunnerWorker.run(SuiteRunnerWorker.java:95)
at org.testng.TestNG.runSuitesSequentially(TestNG.java:1249)
at org.testng.TestNG.runSuitesLocally(TestNG.java:1169)
at org.testng.TestNG.runSuites(TestNG.java:1092)
at org.testng.TestNG.run(TestNG.java:1060)
at org.apache.maven.surefire.testng.TestNGExecutor.run(TestNGExecutor.java:77)
at org.apache.maven.surefire.testng.TestNGDirectoryTestSuite.executeMulti(TestNGDirectoryTestSuite.java:159)
at org.apache.maven.surefire.testng.TestNGDirectoryTestSuite.execute(TestNGDirectoryTestSuite.java:99)
at org.apache.maven.surefire.testng.TestNGProvider.invoke(TestNGProvider.java:106)
at java.base/jdk.internal.reflect.NativeMethodAccessorImpl.invoke0(Native Method)
at java.base/jdk.internal.reflect.NativeMethodAccessorImpl.invoke(NativeMethodAccessorImpl.java:62)
at java.base/jdk.internal.reflect.DelegatingMethodAccessorImpl.invoke(DelegatingMethodAccessorImpl.java:43)
at java.base/java.lang.reflect.Method.invoke(Method.java:566)
at org.apache.maven.surefire.util.ReflectionUtils.invokeMethodWithArray(ReflectionUtils.java:189)
at org.apache.maven.surefire.booter.ProviderFactory$ProviderProxy.invoke(ProviderFactory.java:165)
at org.apache.maven.surefire.booter.ProviderFactory.invokeProvider(ProviderFactory.java:85)
at org.apache.maven.surefire.booter.ForkedBooter.runSuitesInProcess(ForkedBooter.java:115)
at org.apache.maven.surefire.booter.ForkedBooter.main(ForkedBooter.java:75)
Caused by: org.openqa.selenium.NoSuchElementException: no such element: Unable to locate element: {"method":"xpath","selector":"/html/body/div[4]/div/table/tbody/tr[10]/td/div/div[2]/div[3]/a"}
  (Session info: chrome=101.0.4951.54)
For documentation on this error, please visit: https://selenium.dev/exceptions/#no_such_element
Build info: version: '4.1.2', revision: '9a5a329c5a'
System info: host: '1L7W1B3', ip: '192.168.0.227', os.name: 'Windows 10', os.arch: 'amd64', os.version: '10.0', java.version: '11.0.14'
Driver info: org.openqa.selenium.chrome.ChromeDriver
Command: [49f8e78359d3875907c40c215e3c1c21, findElement {using=xpath, value=/html/body/div[4]/div/table/tbody/tr[10]/td/div/div[2]/div[3]/a}]
Capabilities {acceptInsecureCerts: false, browserName: chrome, browserVersion: 101.0.4951.54, chrome: {chromedriverVersion: 101.0.4951.41 (93c720db8323..., userDataDir: C:\windows\TEMP\scoped_dir9...}, goog:chromeOptions: {debuggerAddress: localhost:52729}, javascriptEnabled: true, networkConnectionEnabled: false, pageLoadStrategy: normal, platform: WINDOWS, platformName: WINDOWS, proxy: Proxy(), se:cdp: ws://localhost:52729/devtoo..., se:cdpVersion: 101.0.4951.54, setWindowRect: true, strictFileInteractability: false, timeouts: {implicit: 0, pageLoad: 300000, script: 30000}, unhandledPromptBehavior: dismiss and notify, webauthn:extension:credBlob: true, webauthn:extension:largeBlob: true, webauthn:virtualAuthenticators: true}
Session ID: 49f8e78359d3875907c40c215e3c1c21
at jdk.internal.reflect.GeneratedConstructorAccessor25.newInstance(Unknown Source)
at java.base/jdk.internal.reflect.DelegatingConstructorAccessorImpl.newInstance(DelegatingConstructorAccessorImpl.java:45)
at java.base/java.lang.reflect.Constructor.newInstance(Constructor.java:490)
at org.openqa.selenium.remote.codec.w3c.W3CHttpResponseCodec.createException(W3CHttpResponseCodec.java:200)
at org.openqa.selenium.remote.codec.w3c.W3CHttpResponseCodec.decode(W3CHttpResponseCodec.java:133)
at org.openqa.selenium.remote.codec.w3c.W3CHttpResponseCodec.decode(W3CHttpResponseCodec.java:53)
at org.openqa.selenium.remote.HttpCommandExecutor.execute(HttpCommandExecutor.java:184)
at org.openqa.selenium.remote.service.DriverCommandExecutor.invokeExecute(DriverCommandExecutor.java:167)
at org.openqa.selenium.remote.service.DriverCommandExecutor.execute(DriverCommandExecutor.java:142)
at org.openqa.selenium.remote.RemoteWebDriver.execute(RemoteWebDriver.java:558)
at org.openqa.selenium.remote.ElementLocation$ElementFinder$2.findElement(ElementLocation.java:162)
at org.openqa.selenium.remote.ElementLocation.findElement(ElementLocation.java:60)
at org.openqa.selenium.remote.RemoteWebDriver.findElement(RemoteWebDriver.java:382)
at org.openqa.selenium.remote.RemoteWebDriver.findElement(RemoteWebDriver.java:374)
at org.openqa.selenium.support.pagefactory.DefaultElementLocator.findElement(DefaultElementLocator.java:70)
at org.openqa.selenium.support.pagefactory.internal.LocatingElementHandler.invoke(LocatingElementHandler.java:39)
at com.sun.proxy.$Proxy20.isDisplayed(Unknown Source)
at org.openqa.selenium.support.ui.ExpectedConditions.elementIfVisible(ExpectedConditions.java:307)
at org.openqa.selenium.support.ui.ExpectedConditions.access$000(ExpectedConditions.java:40)
at org.openqa.selenium.support.ui.ExpectedConditions$10.apply(ExpectedConditions.java:293)
at org.openqa.selenium.support.ui.ExpectedConditions$10.apply(ExpectedConditions.java:290)
at org.openqa.selenium.support.ui.ExpectedConditions$23.apply(ExpectedConditions.java:660)
at org.openqa.selenium.support.ui.ExpectedConditions$23.apply(ExpectedConditions.java:656)
at org.openqa.selenium.support.ui.FluentWait.until(FluentWait.java:208)
... 40 more
]]>
            </full-stacktrace>
          </exception> <!-- org.openqa.selenium.TimeoutException -->
          <reporter-output>
          </reporter-output>
        </test-method> <!-- shouldCheckCart -->
        <test-method is-config="true" signature="tearDown()[pri:0, instance:ui.CartTest@3d34d211]" started-at="2022-05-17T09:43:04 CEST" name="tearDown" finished-at="2022-05-17T09:43:04 CEST" duration-ms="122" status="PASS">
          <reporter-output>
          </reporter-output>
        </test-method> <!-- tearDown -->
      </class> <!-- ui.CartTest -->
      <class name="ui.UserRegistrationTest">
        <test-method is-config="true" signature="setUp()[pri:0, instance:ui.UserRegistrationTest@7530ad9c]" started-at="2022-05-17T09:43:07 CEST" name="setUp" finished-at="2022-05-17T09:43:08 CEST" duration-ms="1799" status="PASS">
          <reporter-output>
          </reporter-output>
        </test-method> <!-- setUp -->
        <test-method is-config="true" signature="pagesSetup()[pri:0, instance:ui.UserRegistrationTest@7530ad9c]" started-at="2022-05-17T09:43:08 CEST" name="pagesSetup" finished-at="2022-05-17T09:43:08 CEST" duration-ms="2" status="PASS">
          <reporter-output>
          </reporter-output>
        </test-method> <!-- pagesSetup -->
        <test-method signature="shouldRegisterCorrectly()[pri:0, instance:ui.UserRegistrationTest@7530ad9c]" started-at="2022-05-17T09:43:08 CEST" name="shouldRegisterCorrectly" finished-at="2022-05-17T09:43:10 CEST" duration-ms="1177" status="PASS">
          <reporter-output>
          </reporter-output>
        </test-method> <!-- shouldRegisterCorrectly -->
        <test-method is-config="true" signature="tearDown()[pri:0, instance:ui.UserRegistrationTest@7530ad9c]" started-at="2022-05-17T09:43:10 CEST" name="tearDown" finished-at="2022-05-17T09:43:10 CEST" duration-ms="71" status="PASS">
          <reporter-output>
          </reporter-output>
        </test-method> <!-- tearDown -->
      </class> <!-- ui.UserRegistrationTest -->
      <class name="api.RegisterApiTest">
        <test-method is-config="true" signature="setUp()[pri:0, instance:api.RegisterApiTest@3c9754d8]" started-at="2022-05-17T09:42:36 CEST" name="setUp" finished-at="2022-05-17T09:42:37 CEST" duration-ms="752" status="PASS">
          <reporter-output>
          </reporter-output>
        </test-method> <!-- setUp -->
        <test-method signature="shouldRegisterByApi()[pri:0, instance:api.RegisterApiTest@3c9754d8]" started-at="2022-05-17T09:42:37 CEST" name="shouldRegisterByApi" finished-at="2022-05-17T09:42:39 CEST" duration-ms="2421" status="PASS">
          <reporter-output>
          </reporter-output>
        </test-method> <!-- shouldRegisterByApi -->
        <test-method is-config="true" signature="setUp()[pri:0, instance:api.RegisterApiTest@3c9754d8]" started-at="2022-05-17T09:42:39 CEST" name="setUp" finished-at="2022-05-17T09:42:39 CEST" duration-ms="27" status="PASS">
          <reporter-output>
          </reporter-output>
        </test-method> <!-- setUp -->
        <test-method signature="shouldRegistrerWithThreeFields()[pri:0, instance:api.RegisterApiTest@3c9754d8]" started-at="2022-05-17T09:42:39 CEST" name="shouldRegistrerWithThreeFields" finished-at="2022-05-17T09:42:39 CEST" duration-ms="101" status="PASS">
          <reporter-output>
          </reporter-output>
        </test-method> <!-- shouldRegistrerWithThreeFields -->
      </class> <!-- api.RegisterApiTest -->
      <class name="ui.UserLoginTest">
        <test-method is-config="true" signature="setUp()[pri:0, instance:ui.UserLoginTest@1e66f1f5]" started-at="2022-05-17T09:43:04 CEST" name="setUp" finished-at="2022-05-17T09:43:06 CEST" duration-ms="2077" status="PASS">
          <reporter-output>
          </reporter-output>
        </test-method> <!-- setUp -->
        <test-method is-config="true" signature="pagesSetup()[pri:0, instance:ui.UserLoginTest@1e66f1f5]" started-at="2022-05-17T09:43:06 CEST" name="pagesSetup" finished-at="2022-05-17T09:43:06 CEST" duration-ms="2" status="PASS">
          <reporter-output>
          </reporter-output>
        </test-method> <!-- pagesSetup -->
        <test-method signature="ShouldLoginCorrectly()[pri:0, instance:ui.UserLoginTest@1e66f1f5]" started-at="2022-05-17T09:43:06 CEST" name="ShouldLoginCorrectly" finished-at="2022-05-17T09:43:07 CEST" duration-ms="652" status="PASS">
          <reporter-output>
          </reporter-output>
        </test-method> <!-- ShouldLoginCorrectly -->
        <test-method is-config="true" signature="tearDown()[pri:0, instance:ui.UserLoginTest@1e66f1f5]" started-at="2022-05-17T09:43:07 CEST" name="tearDown" finished-at="2022-05-17T09:43:07 CEST" duration-ms="77" status="PASS">
          <reporter-output>
          </reporter-output>
        </test-method> <!-- tearDown -->
      </class> <!-- ui.UserLoginTest -->
    </test> <!-- Command line test -->
  </suite> <!-- Command line suite -->
</testng-results>
